[0410/130722.717:ERROR:file_io_win.cc(179)] CreateFile C:\Users\GREENS~1\AppData\Local\Temp\scoped_dir2716_29438\Crashpad\settings.dat: The process cannot access the file because it is being used by another process. (0x20)
[0410/133543.738:ERROR:file_io_win.cc(179)] CreateFile C:\Users\GREENS~1\AppData\Local\Temp\scoped_dir3592_26772\Crashpad\settings.dat: The process cannot access the file because it is being used by another process. (0x20)
[0410/141143.662:ERROR:file_io_win.cc(179)] CreateFile C:\Users\GREENS~1\AppData\Local\Temp\scoped_dir4044_6995\Crashpad\settings.dat: The process cannot access the file because it is being used by another process. (0x20)
[0410/150738.634:ERROR:process_memory_win.cc(73)] ReadMemory at 0x7ff6fe9f0000 of 64 bytes failed: Only part of a ReadProcessMemory or WriteProcessMemory request was completed. (0x12B)
[0410/150738.637:WARNING:pe_image_reader.cc(340)] could not read dos header from C:\Program Files (x86)\Google\Chrome\Application\chrome.exe
[0410/150738.637:ERROR:process_memory_win.cc(73)] ReadMemory at 0x7ffc2c9a0000 of 64 bytes failed: Only part of a ReadProcessMemory or WriteProcessMemory request was completed. (0x12B)
[0410/150738.637:WARNING:pe_image_reader.cc(340)] could not read dos header from C:\WINDOWS\SYSTEM32\ntdll.dll
[0410/150738.637:ERROR:process_memory_win.cc(73)] ReadMemory at 0x7ffc2ac10000 of 64 bytes failed: Only part of a ReadProcessMemory or WriteProcessMemory request was completed. (0x12B)
[0410/150738.637:WARNING:pe_image_reader.cc(340)] could not read dos header from C:\WINDOWS\System32\KERNEL32.DLL
[0410/150738.638:ERROR:process_memory_win.cc(73)] ReadMemory at 0x7ffc2a3d0000 of 64 bytes failed: Only part of a ReadProcessMemory or WriteProcessMemory request was completed. (0x12B)
[0410/150738.638:WARNING:pe_image_reader.cc(340)] could not read dos header from C:\WINDOWS\System32\KERNELBASE.dll
[0410/150738.638:ERROR:process_memory_win.cc(73)] ReadMemory at 0x7ffbed750000 of 64 bytes failed: Only part of a ReadProcessMemory or WriteProcessMemory request was completed. (0x12B)
[0410/150738.638:WARNING:pe_image_reader.cc(340)] could not read dos header from C:\Program Files (x86)\Google\Chrome\Application\80.0.3987.163\chrome_elf.dll
[0410/150738.638:ERROR:process_memory_win.cc(73)] ReadMemory at 0x7ffc21e40000 of 64 bytes failed: Only part of a ReadProcessMemory or WriteProcessMemory request was completed. (0x12B)
[0410/150738.638:WARNING:pe_image_reader.cc(340)] could not read dos header from C:\WINDOWS\SYSTEM32\VERSION.dll
[0410/150738.638:ERROR:process_memory_win.cc(73)] ReadMemory at 0x7ffc2c7d0000 of 64 bytes failed: Only part of a ReadProcessMemory or WriteProcessMemory request was completed. (0x12B)
[0410/150738.638:WARNING:pe_image_reader.cc(340)] could not read dos header from C:\WINDOWS\System32\msvcrt.dll
[0410/150738.638:ERROR:process_memory_win.cc(73)] ReadMemory at 0x7ffc29bd0000 of 64 bytes failed: Only part of a ReadProcessMemory or WriteProcessMemory request was completed. (0x12B)
[0410/150738.638:WARNING:pe_image_reader.cc(340)] could not read dos header from C:\WINDOWS\System32\bcryptPrimitives.dll
[0410/150738.638:ERROR:process_memory_win.cc(73)] ReadMemory at 0x7ffc2c260000 of 64 bytes failed: Only part of a ReadProcessMemory or WriteProcessMemory request was completed. (0x12B)
[0410/150738.638:WARNING:pe_image_reader.cc(340)] could not read dos header from C:\WINDOWS\System32\ADVAPI32.dll
[0410/150738.638:ERROR:process_memory_win.cc(73)] ReadMemory at 0x7ffc2b820000 of 64 bytes failed: Only part of a ReadProcessMemory or WriteProcessMemory request was completed. (0x12B)
[0410/150738.638:WARNING:pe_image_reader.cc(340)] could not read dos header from C:\WINDOWS\System32\sechost.dll
[0410/150738.638:ERROR:process_memory_win.cc(73)] ReadMemory at 0x7ffc2bf00000 of 64 bytes failed: Only part of a ReadProcessMemory or WriteProcessMemory request was completed. (0x12B)
[0410/150738.638:WARNING:pe_image_reader.cc(340)] could not read dos header from C:\WINDOWS\System32\RPCRT4.dll
[0410/150738.638:ERROR:process_memory_win.cc(73)] ReadMemory at 0x7ffbc99c0000 of 64 bytes failed: Only part of a ReadProcessMemory or WriteProcessMemory request was completed. (0x12B)
[0410/150738.639:WARNING:pe_image_reader.cc(340)] could not read dos header from C:\Program Files (x86)\Google\Chrome\Application\80.0.3987.163\chrome.dll
[0410/150738.639:ERROR:process_memory_win.cc(73)] ReadMemory at 0x7ffc2c3f0000 of 64 bytes failed: Only part of a ReadProcessMemory or WriteProcessMemory request was completed. (0x12B)
[0410/150738.639:WARNING:pe_image_reader.cc(340)] could not read dos header from C:\WINDOWS\System32\WS2_32.dll
[0410/150738.639:ERROR:process_memory_win.cc(73)] ReadMemory at 0x7ffc2c890000 of 64 bytes failed: Only part of a ReadProcessMemory or WriteProcessMemory request was completed. (0x12B)
[0410/150738.639:WARNING:pe_image_reader.cc(340)] could not read dos header from C:\WINDOWS\System32\OLEAUT32.dll
[0410/150738.639:ERROR:process_memory_win.cc(73)] ReadMemory at 0x7ffc2a680000 of 64 bytes failed: Only part of a ReadProcessMemory or WriteProcessMemory request was completed. (0x12B)
[0410/150738.639:WARNING:pe_image_reader.cc(340)] could not read dos header from C:\WINDOWS\System32\msvcp_win.dll
[0410/150738.639:ERROR:process_memory_win.cc(73)] ReadMemory at 0x7ffc29ad0000 of 64 bytes failed: Only part of a ReadProcessMemory or WriteProcessMemory request was completed. (0x12B)
[0410/150738.639:WARNING:pe_image_reader.cc(340)] could not read dos header from C:\WINDOWS\System32\ucrtbase.dll
[0410/150738.639:ERROR:process_memory_win.cc(73)] ReadMemory at 0x274ebe60000 of 64 bytes failed: Only part of a ReadProcessMemory or WriteProcessMemory request was completed. (0x12B)
[0410/150738.639:WARNING:pe_image_reader.cc(340)] could not read dos header from C:\WINDOWS\System32\combase.dll
[0410/150738.639:ERROR:process_memory_win.cc(73)] ReadMemory at 0x7ffc2a720000 of 64 bytes failed: Only part of a ReadProcessMemory or WriteProcessMemory request was completed. (0x12B)
[0410/150738.639:WARNING:pe_image_reader.cc(340)] could not read dos header from C:\WINDOWS\System32\WINTRUST.dll
[0410/150738.639:ERROR:process_memory_win.cc(73)] ReadMemory at 0x7ffc298c0000 of 64 bytes failed: Only part of a ReadProcessMemory or WriteProcessMemory request was completed. (0x12B)
[0410/150738.639:WARNING:pe_image_reader.cc(340)] could not read dos header from C:\WINDOWS\System32\MSASN1.dll
[0410/150738.639:ERROR:process_memory_win.cc(73)] ReadMemory at 0x7ffc2a7a0000 of 64 bytes failed: Only part of a ReadProcessMemory or WriteProcessMemory request was completed. (0x12B)
[0410/150738.639:WARNING:pe_image_reader.cc(340)] could not read dos header from C:\WINDOWS\System32\CRYPT32.dll
[0410/150738.639:ERROR:process_memory_win.cc(73)] ReadMemory at 0x7ffc28d80000 of 64 bytes failed: Only part of a ReadProcessMemory or WriteProcessMemory request was completed. (0x12B)
[0410/150738.639:WARNING:pe_image_reader.cc(340)] could not read dos header from C:\WINDOWS\SYSTEM32\IPHLPAPI.DLL
[0410/150738.640:ERROR:process_memory_win.cc(73)] ReadMemory at 0x7ffc26f10000 of 64 bytes failed: Only part of a ReadProcessMemory or WriteProcessMemory request was completed. (0x12B)
[0410/150738.640:WARNING:pe_image_reader.cc(340)] could not read dos header from C:\WINDOWS\SYSTEM32\WINMM.dll
[0410/150738.640:ERROR:process_memory_win.cc(73)] ReadMemory at 0x7ffc15850000 of 64 bytes failed: Only part of a ReadProcessMemory or WriteProcessMemory request was completed. (0x12B)
[0410/150738.640:WARNING:pe_image_reader.cc(340)] could not read dos header from C:\WINDOWS\SYSTEM32\Secur32.dll
[0410/150738.640:ERROR:process_memory_win.cc(73)] ReadMemory at 0x7ffc29780000 of 64 bytes failed: Only part of a ReadProcessMemory or WriteProcessMemory request was completed. (0x12B)
[0410/150738.640:WARNING:pe_image_reader.cc(340)] could not read dos header from C:\WINDOWS\SYSTEM32\USERENV.dll
[0410/150738.640:ERROR:process_memory_win.cc(73)] ReadMemory at 0x7ffc298e0000 of 64 bytes failed: Only part of a ReadProcessMemory or WriteProcessMemory request was completed. (0x12B)
[0410/150738.640:WARNING:pe_image_reader.cc(340)] could not read dos header from C:\WINDOWS\System32\profapi.dll
[0410/150738.640:ERROR:process_memory_win.cc(73)] ReadMemory at 0x7ffbfc5b0000 of 64 bytes failed: Only part of a ReadProcessMemory or WriteProcessMemory request was completed. (0x12B)
[0410/150738.640:WARNING:pe_image_reader.cc(340)] could not read dos header from C:\WINDOWS\SYSTEM32\UIAutomationCore.DLL
[0410/150738.640:ERROR:process_memory_win.cc(73)] ReadMemory at 0x7ffc1a5c0000 of 64 bytes failed: Only part of a ReadProcessMemory or WriteProcessMemory request was completed. (0x12B)
[0410/150738.640:WARNING:pe_image_reader.cc(340)] could not read dos header from C:\WINDOWS\SYSTEM32\DWrite.dll
[0410/150738.640:ERROR:process_memory_win.cc(73)] ReadMemory at 0x7ffbfe250000 of 64 bytes failed: Only part of a ReadProcessMemory or WriteProcessMemory request was completed. (0x12B)
[0410/150738.640:WARNING:pe_image_reader.cc(340)] could not read dos header from C:\WINDOWS\SYSTEM32\WINSPOOL.DRV
[0410/150738.640:ERROR:process_memory_win.cc(73)] ReadMemory at 0x7ffc29910000 of 64 bytes failed: Only part of a ReadProcessMemory or WriteProcessMemory request was completed. (0x12B)
[0410/150738.640:WARNING:pe_image_reader.cc(340)] could not read dos header from C:\WINDOWS\System32\kernel.appcore.dll
[0410/150738.640:ERROR:process_memory_win.cc(73)] ReadMemory at 0x7ffc2aa20000 of 64 bytes failed: Only part of a ReadProcessMemory or WriteProcessMemory request was completed. (0x12B)
[0410/150738.640:WARNING:pe_image_reader.cc(340)] could not read dos header from C:\WINDOWS\System32\bcrypt.dll
[0410/150738.641:ERROR:process_memory_win.cc(73)] ReadMemory at 0x7ffc28180000 of 64 bytes failed: Only part of a ReadProcessMemory or WriteProcessMemory request was completed. (0x12B)
[0410/150738.641:WARNING:pe_image_reader.cc(340)] could not read dos header from C:\WINDOWS\SYSTEM32\dbghelp.dll
[0410/150738.641:ERROR:process_memory_win.cc(73)] ReadMemory at 0x7ffc1b390000 of 64 bytes failed: Only part of a ReadProcessMemory or WriteProcessMemory request was completed. (0x12B)
[0410/150738.641:WARNING:pe_image_reader.cc(340)] could not read dos header from C:\WINDOWS\SYSTEM32\WINHTTP.dll
[0410/150738.641:ERROR:process_memory_win.cc(73)] ReadMemory at 0x7ffc1f790000 of 64 bytes failed: Only part of a ReadProcessMemory or WriteProcessMemory request was completed. (0x12B)
[0410/150738.641:WARNING:pe_image_reader.cc(340)] could not read dos header from C:\WINDOWS\SYSTEM32\dhcpcsvc.DLL
[0410/150738.641:ERROR:process_memory_win.cc(73)] ReadMemory at 0x7ffc2c250000 of 64 bytes failed: Only part of a ReadProcessMemory or WriteProcessMemory request was completed. (0x12B)
[0410/150738.641:WARNING:pe_image_reader.cc(340)] could not read dos header from C:\WINDOWS\System32\NSI.dll
[0410/150738.641:ERROR:process_memory_win.cc(73)] ReadMemory at 0x7ffc271d0000 of 64 bytes failed: Only part of a ReadProcessMemory or WriteProcessMemory request was completed. (0x12B)
[0410/150738.641:WARNING:pe_image_reader.cc(340)] could not read dos header from C:\WINDOWS\SYSTEM32\WINMMBASE.dll
[0410/150738.641:ERROR:process_memory_win.cc(73)] ReadMemory at 0x7ffc2a9d0000 of 64 bytes failed: Only part of a ReadProcessMemory or WriteProcessMemory request was completed. (0x12B)
[0410/150738.641:WARNING:pe_image_reader.cc(340)] could not read dos header from C:\WINDOWS\System32\cfgmgr32.dll
[0410/150738.641:ERROR:process_memory_win.cc(73)] ReadMemory at 0x7ffc27650000 of 64 bytes failed: Only part of a ReadProcessMemory or WriteProcessMemory request was completed. (0x12B)
[0410/150738.642:WARNING:pe_image_reader.cc(340)] could not read dos header from C:\WINDOWS\SYSTEM32\PROPSYS.dll
[0410/150738.642:ERROR:process_memory_win.cc(73)] ReadMemory at 0x7ffc2c310000 of 64 bytes failed: Only part of a ReadProcessMemory or WriteProcessMemory request was completed. (0x12B)
[0410/150738.642:WARNING:pe_image_reader.cc(340)] could not read dos header from C:\WINDOWS\System32\shcore.dll
[0410/150738.642:ERROR:process_memory_win.cc(73)] ReadMemory at 0x7ffc29750000 of 64 bytes failed: Only part of a ReadProcessMemory or WriteProcessMemory request was completed. (0x12B)
[0410/150738.642:WARNING:pe_image_reader.cc(340)] could not read dos header from C:\WINDOWS\SYSTEM32\SSPICLI.DLL
[0410/150738.642:ERROR:process_memory_win.cc(73)] ReadMemory at 0x7ffc2b010000 of 64 bytes failed: Only part of a ReadProcessMemory or WriteProcessMemory request was completed. (0x12B)
[0410/150738.642:WARNING:pe_image_reader.cc(340)] could not read dos header from C:\WINDOWS\System32\SHELL32.dll
[0410/150738.642:ERROR:process_memory_win.cc(73)] ReadMemory at 0x7ffc29c50000 of 64 bytes failed: Only part of a ReadProcessMemory or WriteProcessMemory request was completed. (0x12B)
[0410/150738.642:WARNING:pe_image_reader.cc(340)] could not read dos header from C:\WINDOWS\System32\windows.storage.dll
[0410/150738.642:ERROR:process_memory_win.cc(73)] ReadMemory at 0x7ffc29870000 of 64 bytes failed: Only part of a ReadProcessMemory or WriteProcessMemory request was completed. (0x12B)
[0410/150738.642:WARNING:pe_image_reader.cc(340)] could not read dos header from C:\WINDOWS\System32\powrprof.dll
[0410/150738.642:ERROR:process_memory_win.cc(73)] ReadMemory at 0x7ffc29860000 of 64 bytes failed: Only part of a ReadProcessMemory or WriteProcessMemory request was completed. (0x12B)
[0410/150738.642:WARNING:pe_image_reader.cc(340)] could not read dos header from C:\WINDOWS\System32\UMPDC.dll
[0410/150738.642:ERROR:process_memory_win.cc(73)] ReadMemory at 0x7ffc2b7c0000 of 64 bytes failed: Only part of a ReadProcessMemory or WriteProcessMemory request was completed. (0x12B)
[0410/150738.642:WARNING:pe_image_reader.cc(340)] could not read dos header from C:\WINDOWS\System32\shlwapi.dll
[0410/150738.642:ERROR:process_memory_win.cc(73)] ReadMemory at 0x7ffc2ba60000 of 64 bytes failed: Only part of a ReadProcessMemory or WriteProcessMemory request was completed. (0x12B)
[0410/150738.642:WARNING:pe_image_reader.cc(340)] could not read dos header from C:\WINDOWS\System32\GDI32.dll
[0410/150738.642:ERROR:process_memory_win.cc(73)] ReadMemory at 0x7ffc2a9a0000 of 64 bytes failed: Only part of a ReadProcessMemory or WriteProcessMemory request was completed. (0x12B)
[0410/150738.642:WARNING:pe_image_reader.cc(340)] could not read dos header from C:\WINDOWS\System32\win32u.dll
[0410/150738.643:ERROR:process_memory_win.cc(73)] ReadMemory at 0x7ffc29930000 of 64 bytes failed: Only part of a ReadProcessMemory or WriteProcessMemory request was completed. (0x12B)
[0410/150738.643:WARNING:pe_image_reader.cc(340)] could not read dos header from C:\WINDOWS\System32\gdi32full.dll
[0410/150738.643:ERROR:process_memory_win.cc(73)] ReadMemory at 0x7ffc2b8c0000 of 64 bytes failed: Only part of a ReadProcessMemory or WriteProcessMemory request was completed. (0x12B)
[0410/150738.643:WARNING:pe_image_reader.cc(340)] could not read dos header from C:\WINDOWS\System32\USER32.dll
[0410/150738.643:ERROR:process_memory_win.cc(73)] ReadMemory at 0x7ffc2a780000 of 64 bytes failed: Only part of a ReadProcessMemory or WriteProcessMemory request was completed. (0x12B)
[0410/150738.643:WARNING:pe_image_reader.cc(340)] could not read dos header from C:\WINDOWS\System32\cryptsp.dll
[0410/150738.643:ERROR:process_memory_win.cc(73)] ReadMemory at 0x7ffc2c3c0000 of 64 bytes failed: Only part of a ReadProcessMemory or WriteProcessMemory request was completed. (0x12B)
[0410/150738.643:WARNING:pe_image_reader.cc(340)] could not read dos header from C:\WINDOWS\System32\IMM32.DLL
[0410/150738.643:ERROR:process_memory_win.cc(73)] ReadMemory at 0x7ffc29240000 of 64 bytes failed: Only part of a ReadProcessMemory or WriteProcessMemory request was completed. (0x12B)
[0410/150738.643:WARNING:pe_image_reader.cc(340)] could not read dos header from C:\WINDOWS\SYSTEM32\CRYPTBASE.DLL
[0410/150738.643:ERROR:process_memory_win.cc(73)] ReadMemory at 0x7ff6fe9f0000 of 64 bytes failed: Only part of a ReadProcessMemory or WriteProcessMemory request was completed. (0x12B)
[0410/150738.644:WARNING:pe_image_reader.cc(340)] could not read dos header from C:\Program Files (x86)\Google\Chrome\Application\chrome.exe
[0410/150738.644:ERROR:process_memory_win.cc(73)] ReadMemory at 0x7ffc2c9a0000 of 64 bytes failed: Only part of a ReadProcessMemory or WriteProcessMemory request was completed. (0x12B)
[0410/150738.644:WARNING:pe_image_reader.cc(340)] could not read dos header from C:\WINDOWS\SYSTEM32\ntdll.dll
[0410/150738.644:ERROR:process_memory_win.cc(73)] ReadMemory at 0x7ffc2ac10000 of 64 bytes failed: Only part of a ReadProcessMemory or WriteProcessMemory request was completed. (0x12B)
[0410/150738.644:WARNING:pe_image_reader.cc(340)] could not read dos header from C:\WINDOWS\System32\KERNEL32.DLL
[0410/150738.644:ERROR:process_memory_win.cc(73)] ReadMemory at 0x7ffc2a3d0000 of 64 bytes failed: Only part of a ReadProcessMemory or WriteProcessMemory request was completed. (0x12B)
[0410/150738.644:WARNING:pe_image_reader.cc(340)] could not read dos header from C:\WINDOWS\System32\KERNELBASE.dll
[0410/150738.644:ERROR:process_memory_win.cc(73)] ReadMemory at 0x7ffbed750000 of 64 bytes failed: Only part of a ReadProcessMemory or WriteProcessMemory request was completed. (0x12B)
[0410/150738.644:WARNING:pe_image_reader.cc(340)] could not read dos header from C:\Program Files (x86)\Google\Chrome\Application\80.0.3987.163\chrome_elf.dll
[0410/150738.645:ERROR:process_memory_win.cc(73)] ReadMemory at 0x7ffc21e40000 of 64 bytes failed: Only part of a ReadProcessMemory or WriteProcessMemory request was completed. (0x12B)
[0410/150738.645:WARNING:pe_image_reader.cc(340)] could not read dos header from C:\WINDOWS\SYSTEM32\VERSION.dll
[0410/150738.645:ERROR:process_memory_win.cc(73)] ReadMemory at 0x7ffc2c7d0000 of 64 bytes failed: Only part of a ReadProcessMemory or WriteProcessMemory request was completed. (0x12B)
[0410/150738.645:WARNING:pe_image_reader.cc(340)] could not read dos header from C:\WINDOWS\System32\msvcrt.dll
[0410/150738.645:ERROR:process_memory_win.cc(73)] ReadMemory at 0x7ffc29bd0000 of 64 bytes failed: Only part of a ReadProcessMemory or WriteProcessMemory request was completed. (0x12B)
[0410/150738.645:WARNING:pe_image_reader.cc(340)] could not read dos header from C:\WINDOWS\System32\bcryptPrimitives.dll
[0410/150738.645:ERROR:process_memory_win.cc(73)] ReadMemory at 0x7ffc2c260000 of 64 bytes failed: Only part of a ReadProcessMemory or WriteProcessMemory request was completed. (0x12B)
[0410/150738.645:WARNING:pe_image_reader.cc(340)] could not read dos header from C:\WINDOWS\System32\ADVAPI32.dll
[0410/150738.645:ERROR:process_memory_win.cc(73)] ReadMemory at 0x7ffc2b820000 of 64 bytes failed: Only part of a ReadProcessMemory or WriteProcessMemory request was completed. (0x12B)
[0410/150738.645:WARNING:pe_image_reader.cc(340)] could not read dos header from C:\WINDOWS\System32\sechost.dll
[0410/150738.646:ERROR:process_memory_win.cc(73)] ReadMemory at 0x7ffc2bf00000 of 64 bytes failed: Only part of a ReadProcessMemory or WriteProcessMemory request was completed. (0x12B)
[0410/150738.646:WARNING:pe_image_reader.cc(340)] could not read dos header from C:\WINDOWS\System32\RPCRT4.dll
[0410/150738.646:ERROR:process_memory_win.cc(73)] ReadMemory at 0x7ffbc99c0000 of 64 bytes failed: Only part of a ReadProcessMemory or WriteProcessMemory request was completed. (0x12B)
[0410/150738.646:WARNING:pe_image_reader.cc(340)] could not read dos header from C:\Program Files (x86)\Google\Chrome\Application\80.0.3987.163\chrome.dll
[0410/150738.646:ERROR:process_memory_win.cc(73)] ReadMemory at 0x7ffc2c3f0000 of 64 bytes failed: Only part of a ReadProcessMemory or WriteProcessMemory request was completed. (0x12B)
[0410/150738.646:WARNING:pe_image_reader.cc(340)] could not read dos header from C:\WINDOWS\System32\WS2_32.dll
[0410/150738.646:ERROR:process_memory_win.cc(73)] ReadMemory at 0x7ffc2c890000 of 64 bytes failed: Only part of a ReadProcessMemory or WriteProcessMemory request was completed. (0x12B)
[0410/150738.646:WARNING:pe_image_reader.cc(340)] could not read dos header from C:\WINDOWS\System32\OLEAUT32.dll
[0410/150738.646:ERROR:process_memory_win.cc(73)] ReadMemory at 0x7ffc2a680000 of 64 bytes failed: Only part of a ReadProcessMemory or WriteProcessMemory request was completed. (0x12B)
[0410/150738.646:WARNING:pe_image_reader.cc(340)] could not read dos header from C:\WINDOWS\System32\msvcp_win.dll
[0410/150738.646:ERROR:process_memory_win.cc(73)] ReadMemory at 0x7ffc29ad0000 of 64 bytes failed: Only part of a ReadProcessMemory or WriteProcessMemory request was completed. (0x12B)
[0410/150738.646:WARNING:pe_image_reader.cc(340)] could not read dos header from C:\WINDOWS\System32\ucrtbase.dll
[0410/150738.646:ERROR:process_memory_win.cc(73)] ReadMemory at 0x274ebe60000 of 64 bytes failed: Only part of a ReadProcessMemory or WriteProcessMemory request was completed. (0x12B)
[0410/150738.646:WARNING:pe_image_reader.cc(340)] could not read dos header from C:\WINDOWS\System32\combase.dll
[0410/150738.646:ERROR:process_memory_win.cc(73)] ReadMemory at 0x7ffc2a720000 of 64 bytes failed: Only part of a ReadProcessMemory or WriteProcessMemory request was completed. (0x12B)
[0410/150738.646:WARNING:pe_image_reader.cc(340)] could not read dos header from C:\WINDOWS\System32\WINTRUST.dll
[0410/150738.646:ERROR:process_memory_win.cc(73)] ReadMemory at 0x7ffc298c0000 of 64 bytes failed: Only part of a ReadProcessMemory or WriteProcessMemory request was completed. (0x12B)
[0410/150738.646:WARNING:pe_image_reader.cc(340)] could not read dos header from C:\WINDOWS\System32\MSASN1.dll
[0410/150738.646:ERROR:process_memory_win.cc(73)] ReadMemory at 0x7ffc2a7a0000 of 64 bytes failed: Only part of a ReadProcessMemory or WriteProcessMemory request was completed. (0x12B)
[0410/150738.646:WARNING:pe_image_reader.cc(340)] could not read dos header from C:\WINDOWS\System32\CRYPT32.dll
[0410/150738.646:ERROR:process_memory_win.cc(73)] ReadMemory at 0x7ffc28d80000 of 64 bytes failed: Only part of a ReadProcessMemory or WriteProcessMemory request was completed. (0x12B)
[0410/150738.646:WARNING:pe_image_reader.cc(340)] could not read dos header from C:\WINDOWS\SYSTEM32\IPHLPAPI.DLL
[0410/150738.646:ERROR:process_memory_win.cc(73)] ReadMemory at 0x7ffc26f10000 of 64 bytes failed: Only part of a ReadProcessMemory or WriteProcessMemory request was completed. (0x12B)
[0410/150738.646:WARNING:pe_image_reader.cc(340)] could not read dos header from C:\WINDOWS\SYSTEM32\WINMM.dll
[0410/150738.646:ERROR:process_memory_win.cc(73)] ReadMemory at 0x7ffc15850000 of 64 bytes failed: Only part of a ReadProcessMemory or WriteProcessMemory request was completed. (0x12B)
[0410/150738.646:WARNING:pe_image_reader.cc(340)] could not read dos header from C:\WINDOWS\SYSTEM32\Secur32.dll
[0410/150738.646:ERROR:process_memory_win.cc(73)] ReadMemory at 0x7ffc29780000 of 64 bytes failed: Only part of a ReadProcessMemory or WriteProcessMemory request was completed. (0x12B)
[0410/150738.646:WARNING:pe_image_reader.cc(340)] could not read dos header from C:\WINDOWS\SYSTEM32\USERENV.dll
[0410/150738.647:ERROR:process_memory_win.cc(73)] ReadMemory at 0x7ffc298e0000 of 64 bytes failed: Only part of a ReadProcessMemory or WriteProcessMemory request was completed. (0x12B)
[0410/150738.647:WARNING:pe_image_reader.cc(340)] could not read dos header from C:\WINDOWS\System32\profapi.dll
[0410/150738.647:ERROR:process_memory_win.cc(73)] ReadMemory at 0x7ffbfc5b0000 of 64 bytes failed: Only part of a ReadProcessMemory or WriteProcessMemory request was completed. (0x12B)
[0410/150738.647:WARNING:pe_image_reader.cc(340)] could not read dos header from C:\WINDOWS\SYSTEM32\UIAutomationCore.DLL
[0410/150738.647:ERROR:process_memory_win.cc(73)] ReadMemory at 0x7ffc1a5c0000 of 64 bytes failed: Only part of a ReadProcessMemory or WriteProcessMemory request was completed. (0x12B)
[0410/150738.647:WARNING:pe_image_reader.cc(340)] could not read dos header from C:\WINDOWS\SYSTEM32\DWrite.dll
[0410/150738.647:ERROR:process_memory_win.cc(73)] ReadMemory at 0x7ffbfe250000 of 64 bytes failed: Only part of a ReadProcessMemory or WriteProcessMemory request was completed. (0x12B)
[0410/150738.647:WARNING:pe_image_reader.cc(340)] could not read dos header from C:\WINDOWS\SYSTEM32\WINSPOOL.DRV
[0410/150738.647:ERROR:process_memory_win.cc(73)] ReadMemory at 0x7ffc29910000 of 64 bytes failed: Only part of a ReadProcessMemory or WriteProcessMemory request was completed. (0x12B)
[0410/150738.647:WARNING:pe_image_reader.cc(340)] could not read dos header from C:\WINDOWS\System32\kernel.appcore.dll
[0410/150738.647:ERROR:process_memory_win.cc(73)] ReadMemory at 0x7ffc2aa20000 of 64 bytes failed: Only part of a ReadProcessMemory or WriteProcessMemory request was completed. (0x12B)
[0410/150738.647:WARNING:pe_image_reader.cc(340)] could not read dos header from C:\WINDOWS\System32\bcrypt.dll
[0410/150738.647:ERROR:process_memory_win.cc(73)] ReadMemory at 0x7ffc28180000 of 64 bytes failed: Only part of a ReadProcessMemory or WriteProcessMemory request was completed. (0x12B)
[0410/150738.647:WARNING:pe_image_reader.cc(340)] could not read dos header from C:\WINDOWS\SYSTEM32\dbghelp.dll
[0410/150738.647:ERROR:process_memory_win.cc(73)] ReadMemory at 0x7ffc1b390000 of 64 bytes failed: Only part of a ReadProcessMemory or WriteProcessMemory request was completed. (0x12B)
[0410/150738.647:WARNING:pe_image_reader.cc(340)] could not read dos header from C:\WINDOWS\SYSTEM32\WINHTTP.dll
[0410/150738.647:ERROR:process_memory_win.cc(73)] ReadMemory at 0x7ffc1f790000 of 64 bytes failed: Only part of a ReadProcessMemory or WriteProcessMemory request was completed. (0x12B)
[0410/150738.648:WARNING:pe_image_reader.cc(340)] could not read dos header from C:\WINDOWS\SYSTEM32\dhcpcsvc.DLL
[0410/150738.648:ERROR:process_memory_win.cc(73)] ReadMemory at 0x7ffc2c250000 of 64 bytes failed: Only part of a ReadProcessMemory or WriteProcessMemory request was completed. (0x12B)
[0410/150738.648:WARNING:pe_image_reader.cc(340)] could not read dos header from C:\WINDOWS\System32\NSI.dll
[0410/150738.648:ERROR:process_memory_win.cc(73)] ReadMemory at 0x7ffc271d0000 of 64 bytes failed: Only part of a ReadProcessMemory or WriteProcessMemory request was completed. (0x12B)
[0410/150738.648:WARNING:pe_image_reader.cc(340)] could not read dos header from C:\WINDOWS\SYSTEM32\WINMMBASE.dll
[0410/150738.648:ERROR:process_memory_win.cc(73)] ReadMemory at 0x7ffc2a9d0000 of 64 bytes failed: Only part of a ReadProcessMemory or WriteProcessMemory request was completed. (0x12B)
[0410/150738.648:WARNING:pe_image_reader.cc(340)] could not read dos header from C:\WINDOWS\System32\cfgmgr32.dll
[0410/150738.648:ERROR:process_memory_win.cc(73)] ReadMemory at 0x7ffc27650000 of 64 bytes failed: Only part of a ReadProcessMemory or WriteProcessMemory request was completed. (0x12B)
[0410/150738.648:WARNING:pe_image_reader.cc(340)] could not read dos header from C:\WINDOWS\SYSTEM32\PROPSYS.dll
[0410/150738.648:ERROR:process_memory_win.cc(73)] ReadMemory at 0x7ffc2c310000 of 64 bytes failed: Only part of a ReadProcessMemory or WriteProcessMemory request was completed. (0x12B)
[0410/150738.648:WARNING:pe_image_reader.cc(340)] could not read dos header from C:\WINDOWS\System32\shcore.dll
[0410/150738.648:ERROR:process_memory_win.cc(73)] ReadMemory at 0x7ffc29750000 of 64 bytes failed: Only part of a ReadProcessMemory or WriteProcessMemory request was completed. (0x12B)
[0410/150738.648:WARNING:pe_image_reader.cc(340)] could not read dos header from C:\WINDOWS\SYSTEM32\SSPICLI.DLL
[0410/150738.648:ERROR:process_memory_win.cc(73)] ReadMemory at 0x7ffc2b010000 of 64 bytes failed: Only part of a ReadProcessMemory or WriteProcessMemory request was completed. (0x12B)
[0410/150738.648:WARNING:pe_image_reader.cc(340)] could not read dos header from C:\WINDOWS\System32\SHELL32.dll
[0410/150738.648:ERROR:process_memory_win.cc(73)] ReadMemory at 0x7ffc29c50000 of 64 bytes failed: Only part of a ReadProcessMemory or WriteProcessMemory request was completed. (0x12B)
[0410/150738.648:WARNING:pe_image_reader.cc(340)] could not read dos header from C:\WINDOWS\System32\windows.storage.dll
[0410/150738.648:ERROR:process_memory_win.cc(73)] ReadMemory at 0x7ffc29870000 of 64 bytes failed: Only part of a ReadProcessMemory or WriteProcessMemory request was completed. (0x12B)
[0410/150738.648:WARNING:pe_image_reader.cc(340)] could not read dos header from C:\WINDOWS\System32\powrprof.dll
[0410/150738.649:ERROR:process_memory_win.cc(73)] ReadMemory at 0x7ffc29860000 of 64 bytes failed: Only part of a ReadProcessMemory or WriteProcessMemory request was completed. (0x12B)
[0410/150738.649:WARNING:pe_image_reader.cc(340)] could not read dos header from C:\WINDOWS\System32\UMPDC.dll
[0410/150738.649:ERROR:process_memory_win.cc(73)] ReadMemory at 0x7ffc2b7c0000 of 64 bytes failed: Only part of a ReadProcessMemory or WriteProcessMemory request was completed. (0x12B)
[0410/150738.649:WARNING:pe_image_reader.cc(340)] could not read dos header from C:\WINDOWS\System32\shlwapi.dll
[0410/150738.649:ERROR:process_memory_win.cc(73)] ReadMemory at 0x7ffc2ba60000 of 64 bytes failed: Only part of a ReadProcessMemory or WriteProcessMemory request was completed. (0x12B)
[0410/150738.649:WARNING:pe_image_reader.cc(340)] could not read dos header from C:\WINDOWS\System32\GDI32.dll
[0410/150738.649:ERROR:process_memory_win.cc(73)] ReadMemory at 0x7ffc2a9a0000 of 64 bytes failed: Only part of a ReadProcessMemory or WriteProcessMemory request was completed. (0x12B)
[0410/150738.649:WARNING:pe_image_reader.cc(340)] could not read dos header from C:\WINDOWS\System32\win32u.dll
[0410/150738.649:ERROR:process_memory_win.cc(73)] ReadMemory at 0x7ffc29930000 of 64 bytes failed: Only part of a ReadProcessMemory or WriteProcessMemory request was completed. (0x12B)
[0410/150738.649:WARNING:pe_image_reader.cc(340)] could not read dos header from C:\WINDOWS\System32\gdi32full.dll
[0410/150738.649:ERROR:process_memory_win.cc(73)] ReadMemory at 0x7ffc2b8c0000 of 64 bytes failed: Only part of a ReadProcessMemory or WriteProcessMemory request was completed. (0x12B)
[0410/150738.649:WARNING:pe_image_reader.cc(340)] could not read dos header from C:\WINDOWS\System32\USER32.dll
[0410/150738.649:ERROR:process_memory_win.cc(73)] ReadMemory at 0x7ffc2a780000 of 64 bytes failed: Only part of a ReadProcessMemory or WriteProcessMemory request was completed. (0x12B)
[0410/150738.649:WARNING:pe_image_reader.cc(340)] could not read dos header from C:\WINDOWS\System32\cryptsp.dll
[0410/150738.649:ERROR:process_memory_win.cc(73)] ReadMemory at 0x7ffc2c3c0000 of 64 bytes failed: Only part of a ReadProcessMemory or WriteProcessMemory request was completed. (0x12B)
[0410/150738.649:WARNING:pe_image_reader.cc(340)] could not read dos header from C:\WINDOWS\System32\IMM32.DLL
[0410/150738.649:ERROR:process_memory_win.cc(73)] ReadMemory at 0x7ffc29240000 of 64 bytes failed: Only part of a ReadProcessMemory or WriteProcessMemory request was completed. (0x12B)
[0410/150738.649:WARNING:pe_image_reader.cc(340)] could not read dos header from C:\WINDOWS\SYSTEM32\CRYPTBASE.DLL
[0410/150738.664:ERROR:process_memory_win.cc(73)] ReadMemory at 0xf6579f9000 of 28672 bytes failed: Only part of a ReadProcessMemory or WriteProcessMemory request was completed. (0x12B)
[0410/150738.664:ERROR:process_memory_win.cc(73)] ReadMemory at 0xf6581fd000 of 12288 bytes failed: Only part of a ReadProcessMemory or WriteProcessMemory request was completed. (0x12B)
[0410/150738.664:ERROR:process_memory_win.cc(73)] ReadMemory at 0xf6589fc000 of 16384 bytes failed: Only part of a ReadProcessMemory or WriteProcessMemory request was completed. (0x12B)
[0410/150738.664:ERROR:process_memory_win.cc(73)] ReadMemory at 0xf6591fc000 of 16384 bytes failed: Only part of a ReadProcessMemory or WriteProcessMemory request was completed. (0x12B)
[0410/150738.665:ERROR:process_memory_win.cc(73)] ReadMemory at 0xf6599fc000 of 16384 bytes failed: Only part of a ReadProcessMemory or WriteProcessMemory request was completed. (0x12B)
[0410/150738.665:ERROR:process_memory_win.cc(73)] ReadMemory at 0xf65a1fe000 of 8192 bytes failed: Only part of a ReadProcessMemory or WriteProcessMemory request was completed. (0x12B)
[0410/150738.665:ERROR:process_memory_win.cc(73)] ReadMemory at 0xf65a9fd000 of 12288 bytes failed: Only part of a ReadProcessMemory or WriteProcessMemory request was completed. (0x12B)
[0410/150738.665:ERROR:process_memory_win.cc(73)] ReadMemory at 0xf65b1fb000 of 20480 bytes failed: Only part of a ReadProcessMemory or WriteProcessMemory request was completed. (0x12B)
[0410/150738.665:ERROR:process_memory_win.cc(73)] ReadMemory at 0xf65b9fd000 of 12288 bytes failed: Only part of a ReadProcessMemory or WriteProcessMemory request was completed. (0x12B)
[0410/150738.665:ERROR:process_memory_win.cc(73)] ReadMemory at 0xf65c1fd000 of 12288 bytes failed: Only part of a ReadProcessMemory or WriteProcessMemory request was completed. (0x12B)
[0410/150738.665:ERROR:process_memory_win.cc(73)] ReadMemory at 0xf65c9fd000 of 12288 bytes failed: Only part of a ReadProcessMemory or WriteProcessMemory request was completed. (0x12B)
[0410/150738.666:ERROR:process_memory_win.cc(73)] ReadMemory at 0xf65d1fd000 of 12288 bytes failed: Only part of a ReadProcessMemory or WriteProcessMemory request was completed. (0x12B)
[0410/150738.667:ERROR:process_memory_win.cc(73)] ReadMemory at 0xf65d9fd000 of 12288 bytes failed: Only part of a ReadProcessMemory or WriteProcessMemory request was completed. (0x12B)
[0410/150738.667:ERROR:process_memory_win.cc(73)] ReadMemory at 0xf65e1fd000 of 12288 bytes failed: Only part of a ReadProcessMemory or WriteProcessMemory request was completed. (0x12B)
[0410/150738.667:ERROR:process_memory_win.cc(73)] ReadMemory at 0xf65e9fd000 of 12288 bytes failed: Only part of a ReadProcessMemory or WriteProcessMemory request was completed. (0x12B)
[0410/150738.667:ERROR:process_memory_win.cc(73)] ReadMemory at 0xf6570ac000 of 852 bytes failed: Only part of a ReadProcessMemory or WriteProcessMemory request was completed. (0x12B)
[0410/150738.667:ERROR:process_memory_win.cc(73)] ReadMemory at 0xf6570ad000 of 6024 bytes failed: Only part of a ReadProcessMemory or WriteProcessMemory request was completed. (0x12B)
[0410/150738.668:ERROR:process_memory_win.cc(73)] ReadMemory at 0xf6570af000 of 6024 bytes failed: Only part of a ReadProcessMemory or WriteProcessMemory request was completed. (0x12B)
[0410/150738.668:ERROR:process_memory_win.cc(73)] ReadMemory at 0xf6570b1000 of 6024 bytes failed: Only part of a ReadProcessMemory or WriteProcessMemory request was completed. (0x12B)
[0410/150738.668:ERROR:process_memory_win.cc(73)] ReadMemory at 0xf6570b3000 of 6024 bytes failed: Only part of a ReadProcessMemory or WriteProcessMemory request was completed. (0x12B)
[0410/150738.668:ERROR:process_memory_win.cc(73)] ReadMemory at 0xf6570b5000 of 6024 bytes failed: Only part of a ReadProcessMemory or WriteProcessMemory request was completed. (0x12B)
[0410/150738.668:ERROR:process_memory_win.cc(73)] ReadMemory at 0xf6570b7000 of 6024 bytes failed: Only part of a ReadProcessMemory or WriteProcessMemory request was completed. (0x12B)
[0410/150738.669:ERROR:process_memory_win.cc(73)] ReadMemory at 0xf6570b9000 of 6024 bytes failed: Only part of a ReadProcessMemory or WriteProcessMemory request was completed. (0x12B)
[0410/150738.669:ERROR:process_memory_win.cc(73)] ReadMemory at 0xf6570bb000 of 6024 bytes failed: Only part of a ReadProcessMemory or WriteProcessMemory request was completed. (0x12B)
[0410/150738.669:ERROR:process_memory_win.cc(73)] ReadMemory at 0xf6570bd000 of 6024 bytes failed: Only part of a ReadProcessMemory or WriteProcessMemory request was completed. (0x12B)
[0410/150738.669:ERROR:process_memory_win.cc(73)] ReadMemory at 0xf6570bf000 of 6024 bytes failed: Only part of a ReadProcessMemory or WriteProcessMemory request was completed. (0x12B)
[0410/150738.669:ERROR:process_memory_win.cc(73)] ReadMemory at 0xf6570c1000 of 6024 bytes failed: Only part of a ReadProcessMemory or WriteProcessMemory request was completed. (0x12B)
[0410/150738.669:ERROR:process_memory_win.cc(73)] ReadMemory at 0xf6570c3000 of 6024 bytes failed: Only part of a ReadProcessMemory or WriteProcessMemory request was completed. (0x12B)
[0410/150738.669:ERROR:process_memory_win.cc(73)] ReadMemory at 0xf6570c5000 of 6024 bytes failed: Only part of a ReadProcessMemory or WriteProcessMemory request was completed. (0x12B)
[0410/150738.669:ERROR:process_memory_win.cc(73)] ReadMemory at 0xf6570c7000 of 6024 bytes failed: Only part of a ReadProcessMemory or WriteProcessMemory request was completed. (0x12B)
[0410/150738.670:ERROR:process_memory_win.cc(73)] ReadMemory at 0xf6570c9000 of 6024 bytes failed: Only part of a ReadProcessMemory or WriteProcessMemory request was completed. (0x12B)
[0410/150738.670:ERROR:process_memory_win.cc(73)] ReadMemory at 0x274eb9b0fe0 of 6356 bytes failed: Only part of a ReadProcessMemory or WriteProcessMemory request was completed. (0x12B)
[0410/150738.670:ERROR:process_memory_win.cc(73)] ReadMemory at 0x274eb9b28c0 of 1012 bytes failed: Only part of a ReadProcessMemory or WriteProcessMemory request was completed. (0x12B)
[0410/150738.670:ERROR:process_memory_win.cc(73)] ReadMemory at 0x274eb9b2f08 of 118 bytes failed: Only part of a ReadProcessMemory or WriteProcessMemory request was completed. (0x12B)
[0410/150738.670:ERROR:process_memory_win.cc(73)] ReadMemory at 0x274eb9b2f80 of 1224 bytes failed: Only part of a ReadProcessMemory or WriteProcessMemory request was completed. (0x12B)
[0410/150738.670:ERROR:process_memory_win.cc(73)] ReadMemory at 0x274eb9b344a of 118 bytes failed: Only part of a ReadProcessMemory or WriteProcessMemory request was completed. (0x12B)
[0410/150738.670:ERROR:process_memory_win.cc(73)] ReadMemory at 0x274eb9b34c2 of 100 bytes failed: Only part of a ReadProcessMemory or WriteProcessMemory request was completed. (0x12B)
[0410/150738.670:ERROR:process_memory_win.cc(73)] ReadMemory at 0x274eb9b3540 of 58 bytes failed: Only part of a ReadProcessMemory or WriteProcessMemory request was completed. (0x12B)
[0410/150738.670:ERROR:process_memory_win.cc(73)] ReadMemory at 0x274eb9b3640 of 132 bytes failed: Only part of a ReadProcessMemory or WriteProcessMemory request was completed. (0x12B)
[0410/150738.671:ERROR:process_memory_win.cc(73)] ReadMemory at 0x274eb9b37d0 of 132 bytes failed: Only part of a ReadProcessMemory or WriteProcessMemory request was completed. (0x12B)
[0410/150738.671:ERROR:process_memory_win.cc(73)] ReadMemory at 0x274eb9b3990 of 126 bytes failed: Only part of a ReadProcessMemory or WriteProcessMemory request was completed. (0x12B)
[0410/150738.671:ERROR:process_memory_win.cc(73)] ReadMemory at 0x274eb9b3d70 of 132 bytes failed: Only part of a ReadProcessMemory or WriteProcessMemory request was completed. (0x12B)
[0410/150738.671:ERROR:process_memory_win.cc(73)] ReadMemory at 0x274eb9b3f00 of 64 bytes failed: Only part of a ReadProcessMemory or WriteProcessMemory request was completed. (0x12B)
[0410/150738.671:ERROR:process_memory_win.cc(73)] ReadMemory at 0x274eb9b40c0 of 132 bytes failed: Only part of a ReadProcessMemory or WriteProcessMemory request was completed. (0x12B)
[0410/150738.671:ERROR:process_memory_win.cc(73)] ReadMemory at 0x274eb9b4360 of 132 bytes failed: Only part of a ReadProcessMemory or WriteProcessMemory request was completed. (0x12B)
[0410/150738.671:ERROR:process_memory_win.cc(73)] ReadMemory at 0x274eb9b44f0 of 68 bytes failed: Only part of a ReadProcessMemory or WriteProcessMemory request was completed. (0x12B)
[0410/150738.671:ERROR:process_memory_win.cc(73)] ReadMemory at 0x274eb9b56a0 of 132 bytes failed: Only part of a ReadProcessMemory or WriteProcessMemory request was completed. (0x12B)
[0410/150738.671:ERROR:process_memory_win.cc(73)] ReadMemory at 0x274eb9b5830 of 154 bytes failed: Only part of a ReadProcessMemory or WriteProcessMemory request was completed. (0x12B)
[0410/150738.671:ERROR:process_memory_win.cc(73)] ReadMemory at 0x274eb9b6630 of 62 bytes failed: Only part of a ReadProcessMemory or WriteProcessMemory request was completed. (0x12B)
[0410/150738.672:ERROR:process_memory_win.cc(73)] ReadMemory at 0x274eb9b66b0 of 146 bytes failed: Only part of a ReadProcessMemory or WriteProcessMemory request was completed. (0x12B)
[0410/150738.672:ERROR:process_memory_win.cc(73)] ReadMemory at 0x274eb9b6790 of 132 bytes failed: Only part of a ReadProcessMemory or WriteProcessMemory request was completed. (0x12B)
[0410/150738.672:ERROR:process_memory_win.cc(73)] ReadMemory at 0x274eb9b6920 of 60 bytes failed: Only part of a ReadProcessMemory or WriteProcessMemory request was completed. (0x12B)
[0410/150738.672:ERROR:process_memory_win.cc(73)] ReadMemory at 0x274eb9b6b80 of 132 bytes failed: Only part of a ReadProcessMemory or WriteProcessMemory request was completed. (0x12B)
[0410/150738.672:ERROR:process_memory_win.cc(73)] ReadMemory at 0x274eb9b77ac of 512 bytes failed: Only part of a ReadProcessMemory or WriteProcessMemory request was completed. (0x12B)
[0410/150738.672:ERROR:process_memory_win.cc(73)] ReadMemory at 0x274eb9b7bc0 of 132 bytes failed: Only part of a ReadProcessMemory or WriteProcessMemory request was completed. (0x12B)
[0410/150738.672:ERROR:process_memory_win.cc(73)] ReadMemory at 0x274eb9b7f20 of 132 bytes failed: Only part of a ReadProcessMemory or WriteProcessMemory request was completed. (0x12B)
[0410/150738.672:ERROR:process_memory_win.cc(73)] ReadMemory at 0x274eb9b8130 of 132 bytes failed: Only part of a ReadProcessMemory or WriteProcessMemory request was completed. (0x12B)
[0410/150738.672:ERROR:process_memory_win.cc(73)] ReadMemory at 0x274eb9b8610 of 132 bytes failed: Only part of a ReadProcessMemory or WriteProcessMemory request was completed. (0x12B)
[0410/150738.673:ERROR:process_memory_win.cc(73)] ReadMemory at 0x274eb9b87a0 of 80 bytes failed: Only part of a ReadProcessMemory or WriteProcessMemory request was completed. (0x12B)
[0410/150738.673:ERROR:process_memory_win.cc(73)] ReadMemory at 0x274eb9bad10 of 62 bytes failed: Only part of a ReadProcessMemory or WriteProcessMemory request was completed. (0x12B)
[0410/150738.673:ERROR:process_memory_win.cc(73)] ReadMemory at 0x274eb9bad60 of 64 bytes failed: Only part of a ReadProcessMemory or WriteProcessMemory request was completed. (0x12B)
[0410/150738.673:ERROR:process_memory_win.cc(73)] ReadMemory at 0x274eb9baf90 of 60 bytes failed: Only part of a ReadProcessMemory or WriteProcessMemory request was completed. (0x12B)
[0410/150738.673:ERROR:process_memory_win.cc(73)] ReadMemory at 0x274eb9bafe0 of 66 bytes failed: Only part of a ReadProcessMemory or WriteProcessMemory request was completed. (0x12B)
[0410/150738.673:ERROR:process_memory_win.cc(73)] ReadMemory at 0x274eb9bb120 of 64 bytes failed: Only part of a ReadProcessMemory or WriteProcessMemory request was completed. (0x12B)
[0410/150738.673:ERROR:process_memory_win.cc(73)] ReadMemory at 0x274eb9bb260 of 64 bytes failed: Only part of a ReadProcessMemory or WriteProcessMemory request was completed. (0x12B)
[0410/150738.673:ERROR:process_memory_win.cc(73)] ReadMemory at 0x274eb9bb2b0 of 62 bytes failed: Only part of a ReadProcessMemory or WriteProcessMemory request was completed. (0x12B)
[0410/150738.673:ERROR:process_memory_win.cc(73)] ReadMemory at 0x274eb9bb300 of 60 bytes failed: Only part of a ReadProcessMemory or WriteProcessMemory request was completed. (0x12B)
[0410/150738.673:ERROR:process_memory_win.cc(73)] ReadMemory at 0x274eb9bb440 of 64 bytes failed: Only part of a ReadProcessMemory or WriteProcessMemory request was completed. (0x12B)
[0410/150738.674:ERROR:process_memory_win.cc(73)] ReadMemory at 0x274eb9bbde0 of 62 bytes failed: Only part of a ReadProcessMemory or WriteProcessMemory request was completed. (0x12B)
[0410/150738.674:ERROR:process_memory_win.cc(73)] ReadMemory at 0x274eb9bbed0 of 62 bytes failed: Only part of a ReadProcessMemory or WriteProcessMemory request was completed. (0x12B)
[0410/150738.674:ERROR:process_memory_win.cc(73)] ReadMemory at 0x274eb9bbf20 of 64 bytes failed: Only part of a ReadProcessMemory or WriteProcessMemory request was completed. (0x12B)
[0410/150738.674:ERROR:process_memory_win.cc(73)] ReadMemory at 0x274eb9bbfc0 of 60 bytes failed: Only part of a ReadProcessMemory or WriteProcessMemory request was completed. (0x12B)
[0410/150738.674:ERROR:process_memory_win.cc(73)] ReadMemory at 0x274eb9bc060 of 62 bytes failed: Only part of a ReadProcessMemory or WriteProcessMemory request was completed. (0x12B)
[0410/150738.674:ERROR:process_memory_win.cc(73)] ReadMemory at 0x274eb9bc0b0 of 62 bytes failed: Only part of a ReadProcessMemory or WriteProcessMemory request was completed. (0x12B)
[0410/150738.675:ERROR:process_memory_win.cc(73)] ReadMemory at 0x274eb9bc100 of 62 bytes failed: Only part of a ReadProcessMemory or WriteProcessMemory request was completed. (0x12B)
[0410/150738.675:ERROR:process_memory_win.cc(73)] ReadMemory at 0x274eb9bc150 of 64 bytes failed: Only part of a ReadProcessMemory or WriteProcessMemory request was completed. (0x12B)
[0410/150738.675:ERROR:process_memory_win.cc(73)] ReadMemory at 0x274eb9bc1a0 of 60 bytes failed: Only part of a ReadProcessMemory or WriteProcessMemory request was completed. (0x12B)
[0410/150738.675:ERROR:process_memory_win.cc(73)] ReadMemory at 0x274eb9bc1f0 of 62 bytes failed: Only part of a ReadProcessMemory or WriteProcessMemory request was completed. (0x12B)
[0410/150738.675:ERROR:process_memory_win.cc(73)] ReadMemory at 0x274eb9bc330 of 62 bytes failed: Only part of a ReadProcessMemory or WriteProcessMemory request was completed. (0x12B)
[0410/150738.675:ERROR:process_memory_win.cc(73)] ReadMemory at 0x274eb9bc510 of 62 bytes failed: Only part of a ReadProcessMemory or WriteProcessMemory request was completed. (0x12B)
[0410/150738.675:ERROR:process_memory_win.cc(73)] ReadMemory at 0x274eb9bc560 of 60 bytes failed: Only part of a ReadProcessMemory or WriteProcessMemory request was completed. (0x12B)
[0410/150738.675:ERROR:process_memory_win.cc(73)] ReadMemory at 0x274eb9bc830 of 64 bytes failed: Only part of a ReadProcessMemory or WriteProcessMemory request was completed. (0x12B)
[0410/150738.676:ERROR:process_memory_win.cc(73)] ReadMemory at 0x274eb9bc920 of 58 bytes failed: Only part of a ReadProcessMemory or WriteProcessMemory request was completed. (0x12B)
[0410/150738.676:ERROR:process_memory_win.cc(73)] ReadMemory at 0x274eb9bc970 of 62 bytes failed: Only part of a ReadProcessMemory or WriteProcessMemory request was completed. (0x12B)
[0410/150738.676:ERROR:process_memory_win.cc(73)] ReadMemory at 0x274eb9bca10 of 60 bytes failed: Only part of a ReadProcessMemory or WriteProcessMemory request was completed. (0x12B)
[0410/150738.676:ERROR:process_memory_win.cc(73)] ReadMemory at 0x274eb9bcb00 of 66 bytes failed: Only part of a ReadProcessMemory or WriteProcessMemory request was completed. (0x12B)
[0410/150738.676:ERROR:process_memory_win.cc(73)] ReadMemory at 0x274eb9bcbf0 of 64 bytes failed: Only part of a ReadProcessMemory or WriteProcessMemory request was completed. (0x12B)
[0410/150738.676:ERROR:process_memory_win.cc(73)] ReadMemory at 0x274eb9bde90 of 132 bytes failed: Only part of a ReadProcessMemory or WriteProcessMemory request was completed. (0x12B)
[0410/150738.676:ERROR:process_memory_win.cc(73)] ReadMemory at 0x274eb9be0b0 of 132 bytes failed: Only part of a ReadProcessMemory or WriteProcessMemory request was completed. (0x12B)
[0410/150738.676:ERROR:process_memory_win.cc(73)] ReadMemory at 0x274eb9bf5a0 of 54 bytes failed: Only part of a ReadProcessMemory or WriteProcessMemory request was completed. (0x12B)
[0410/150738.676:ERROR:process_memory_win.cc(73)] ReadMemory at 0x274eb9bfe80 of 132 bytes failed: Only part of a ReadProcessMemory or WriteProcessMemory request was completed. (0x12B)
[0410/150738.677:ERROR:process_memory_win.cc(73)] ReadMemory at 0x274eb9c0cc0 of 132 bytes failed: Only part of a ReadProcessMemory or WriteProcessMemory request was completed. (0x12B)
[0410/150738.677:ERROR:process_memory_win.cc(73)] ReadMemory at 0x274eb9c0df0 of 132 bytes failed: Only part of a ReadProcessMemory or WriteProcessMemory request was completed. (0x12B)
[0410/150738.677:ERROR:process_memory_win.cc(73)] ReadMemory at 0x274eb9c5010 of 132 bytes failed: Only part of a ReadProcessMemory or WriteProcessMemory request was completed. (0x12B)
[0410/150738.677:ERROR:process_memory_win.cc(73)] ReadMemory at 0x274eb9c5140 of 132 bytes failed: Only part of a ReadProcessMemory or WriteProcessMemory request was completed. (0x12B)
[0410/150738.677:ERROR:process_memory_win.cc(73)] ReadMemory at 0x274eb9c5270 of 132 bytes failed: Only part of a ReadProcessMemory or WriteProcessMemory request was completed. (0x12B)
[0410/150738.677:ERROR:process_memory_win.cc(73)] ReadMemory at 0x274eb9c53a0 of 132 bytes failed: Only part of a ReadProcessMemory or WriteProcessMemory request was completed. (0x12B)
[0410/150738.677:ERROR:process_memory_win.cc(73)] ReadMemory at 0x274eb9c54d0 of 132 bytes failed: Only part of a ReadProcessMemory or WriteProcessMemory request was completed. (0x12B)
[0410/150738.677:ERROR:process_memory_win.cc(73)] ReadMemory at 0x274eb9c5600 of 132 bytes failed: Only part of a ReadProcessMemory or WriteProcessMemory request was completed. (0x12B)
[0410/150738.678:ERROR:process_memory_win.cc(73)] ReadMemory at 0x274eb9c5730 of 132 bytes failed: Only part of a ReadProcessMemory or WriteProcessMemory request was completed. (0x12B)
[0410/150738.678:ERROR:process_memory_win.cc(73)] ReadMemory at 0x274eb9c5860 of 132 bytes failed: Only part of a ReadProcessMemory or WriteProcessMemory request was completed. (0x12B)
[0410/150738.678:ERROR:process_memory_win.cc(73)] ReadMemory at 0x274eb9c5ac0 of 132 bytes failed: Only part of a ReadProcessMemory or WriteProcessMemory request was completed. (0x12B)
[0410/150738.678:ERROR:process_memory_win.cc(73)] ReadMemory at 0x274eb9c5bf0 of 132 bytes failed: Only part of a ReadProcessMemory or WriteProcessMemory request was completed. (0x12B)
[0410/150738.678:ERROR:process_memory_win.cc(73)] ReadMemory at 0x274eb9c5d20 of 132 bytes failed: Only part of a ReadProcessMemory or WriteProcessMemory request was completed. (0x12B)
[0410/150738.679:ERROR:process_memory_win.cc(73)] ReadMemory at 0x274eb9c5e50 of 132 bytes failed: Only part of a ReadProcessMemory or WriteProcessMemory request was completed. (0x12B)
[0410/150738.679:ERROR:process_memory_win.cc(73)] ReadMemory at 0x274eb9c6920 of 76 bytes failed: Only part of a ReadProcessMemory or WriteProcessMemory request was completed. (0x12B)
[0410/150738.679:ERROR:process_memory_win.cc(73)] ReadMemory at 0x274eb9c6980 of 78 bytes failed: Only part of a ReadProcessMemory or WriteProcessMemory request was completed. (0x12B)
[0410/150738.679:ERROR:process_memory_win.cc(73)] ReadMemory at 0x274eb9c6e00 of 80 bytes failed: Only part of a ReadProcessMemory or WriteProcessMemory request was completed. (0x12B)
[0410/150738.679:ERROR:process_memory_win.cc(73)] ReadMemory at 0x274eb9c7160 of 132 bytes failed: Only part of a ReadProcessMemory or WriteProcessMemory request was completed. (0x12B)
[0410/150738.679:ERROR:process_memory_win.cc(73)] ReadMemory at 0x274eb9c7290 of 132 bytes failed: Only part of a ReadProcessMemory or WriteProcessMemory request was completed. (0x12B)
[0410/150738.679:ERROR:process_memory_win.cc(73)] ReadMemory at 0x274eb9c73c0 of 132 bytes failed: Only part of a ReadProcessMemory or WriteProcessMemory request was completed. (0x12B)
[0410/150738.679:ERROR:process_memory_win.cc(73)] ReadMemory at 0x274eb9c74f0 of 132 bytes failed: Only part of a ReadProcessMemory or WriteProcessMemory request was completed. (0x12B)
[0410/150738.680:ERROR:process_memory_win.cc(73)] ReadMemory at 0x274eb9c7620 of 132 bytes failed: Only part of a ReadProcessMemory or WriteProcessMemory request was completed. (0x12B)
[0410/150738.680:ERROR:process_memory_win.cc(73)] ReadMemory at 0x274eb9c7750 of 132 bytes failed: Only part of a ReadProcessMemory or WriteProcessMemory request was completed. (0x12B)
[0410/150738.680:ERROR:process_memory_win.cc(73)] ReadMemory at 0x274eb9c7880 of 132 bytes failed: Only part of a ReadProcessMemory or WriteProcessMemory request was completed. (0x12B)
[0410/150738.680:ERROR:process_memory_win.cc(73)] ReadMemory at 0x274eb9c79b0 of 132 bytes failed: Only part of a ReadProcessMemory or WriteProcessMemory request was completed. (0x12B)
[0410/150738.680:ERROR:process_memory_win.cc(73)] ReadMemory at 0x274eb9c7ae0 of 132 bytes failed: Only part of a ReadProcessMemory or WriteProcessMemory request was completed. (0x12B)
[0410/150738.680:ERROR:process_memory_win.cc(73)] ReadMemory at 0x274eb9c7c10 of 132 bytes failed: Only part of a ReadProcessMemory or WriteProcessMemory request was completed. (0x12B)
[0410/150738.680:ERROR:process_memory_win.cc(73)] ReadMemory at 0x274eb9c7d40 of 132 bytes failed: Only part of a ReadProcessMemory or WriteProcessMemory request was completed. (0x12B)
[0410/150738.680:ERROR:process_memory_win.cc(73)] ReadMemory at 0x274eb9c7fa0 of 132 bytes failed: Only part of a ReadProcessMemory or WriteProcessMemory request was completed. (0x12B)
[0410/150738.681:ERROR:process_memory_win.cc(73)] ReadMemory at 0x274eb9c8200 of 132 bytes failed: Only part of a ReadProcessMemory or WriteProcessMemory request was completed. (0x12B)
[0410/150738.681:ERROR:process_memory_win.cc(73)] ReadMemory at 0x274eb9c8330 of 132 bytes failed: Only part of a ReadProcessMemory or WriteProcessMemory request was completed. (0x12B)
[0410/150738.681:ERROR:process_memory_win.cc(73)] ReadMemory at 0x274eb9c8460 of 132 bytes failed: Only part of a ReadProcessMemory or WriteProcessMemory request was completed. (0x12B)
[0410/150738.681:ERROR:process_memory_win.cc(73)] ReadMemory at 0x274eb9c86c0 of 132 bytes failed: Only part of a ReadProcessMemory or WriteProcessMemory request was completed. (0x12B)
[0410/150738.681:ERROR:process_memory_win.cc(73)] ReadMemory at 0x274eb9c87f0 of 132 bytes failed: Only part of a ReadProcessMemory or WriteProcessMemory request was completed. (0x12B)
[0410/150738.681:ERROR:process_memory_win.cc(73)] ReadMemory at 0x274eb9c8920 of 132 bytes failed: Only part of a ReadProcessMemory or WriteProcessMemory request was completed. (0x12B)
[0410/150738.681:ERROR:process_memory_win.cc(73)] ReadMemory at 0x274eb9c8a50 of 132 bytes failed: Only part of a ReadProcessMemory or WriteProcessMemory request was completed. (0x12B)
[0410/150738.681:ERROR:process_memory_win.cc(73)] ReadMemory at 0x274eb9c8cb0 of 132 bytes failed: Only part of a ReadProcessMemory or WriteProcessMemory request was completed. (0x12B)
[0410/150738.682:ERROR:process_memory_win.cc(73)] ReadMemory at 0x274eb9c8de0 of 132 bytes failed: Only part of a ReadProcessMemory or WriteProcessMemory request was completed. (0x12B)
[0410/150738.682:ERROR:process_memory_win.cc(73)] ReadMemory at 0x274eb9ddf20 of 60 bytes failed: Only part of a ReadProcessMemory or WriteProcessMemory request was completed. (0x12B)
[0410/150738.682:ERROR:process_memory_win.cc(73)] ReadMemory at 0x274eb9ddfc0 of 62 bytes failed: Only part of a ReadProcessMemory or WriteProcessMemory request was completed. (0x12B)
[0410/150738.682:ERROR:process_memory_win.cc(73)] ReadMemory at 0x274eb9de1a0 of 58 bytes failed: Only part of a ReadProcessMemory or WriteProcessMemory request was completed. (0x12B)
[0410/150738.682:ERROR:process_memory_win.cc(73)] ReadMemory at 0x274eb9de240 of 58 bytes failed: Only part of a ReadProcessMemory or WriteProcessMemory request was completed. (0x12B)
[0410/150738.682:ERROR:process_memory_win.cc(73)] ReadMemory at 0x274eb9de380 of 66 bytes failed: Only part of a ReadProcessMemory or WriteProcessMemory request was completed. (0x12B)
[0410/150738.682:ERROR:process_memory_win.cc(73)] ReadMemory at 0x274eb9de600 of 64 bytes failed: Only part of a ReadProcessMemory or WriteProcessMemory request was completed. (0x12B)
[0410/150738.682:ERROR:process_memory_win.cc(73)] ReadMemory at 0x274eb9de6f0 of 60 bytes failed: Only part of a ReadProcessMemory or WriteProcessMemory request was completed. (0x12B)
[0410/150738.682:ERROR:process_memory_win.cc(73)] ReadMemory at 0x274eb9de7e0 of 62 bytes failed: Only part of a ReadProcessMemory or WriteProcessMemory request was completed. (0x12B)
[0410/150738.683:ERROR:process_memory_win.cc(73)] ReadMemory at 0x274eb9de830 of 58 bytes failed: Only part of a ReadProcessMemory or WriteProcessMemory request was completed. (0x12B)
[0410/150738.683:ERROR:process_memory_win.cc(73)] ReadMemory at 0x274eb9e58e0 of 512 bytes failed: Only part of a ReadProcessMemory or WriteProcessMemory request was completed. (0x12B)
[0410/150738.683:ERROR:process_memory_win.cc(73)] ReadMemory at 0x274eb9ea6d0 of 512 bytes failed: Only part of a ReadProcessMemory or WriteProcessMemory request was completed. (0x12B)
[0410/150738.683:ERROR:process_memory_win.cc(73)] ReadMemory at 0x274ebbb1c00 of 512 bytes failed: Only part of a ReadProcessMemory or WriteProcessMemory request was completed. (0x12B)
[0410/150738.683:ERROR:process_memory_win.cc(73)] ReadMemory at 0x274ebc38a10 of 512 bytes failed: Only part of a ReadProcessMemory or WriteProcessMemory request was completed. (0x12B)
[0410/150738.683:ERROR:process_memory_win.cc(73)] ReadMemory at 0x274ebcd6790 of 512 bytes failed: Only part of a ReadProcessMemory or WriteProcessMemory request was completed. (0x12B)
[0410/150738.683:ERROR:process_memory_win.cc(73)] ReadMemory at 0x274ebcd6df0 of 512 bytes failed: Only part of a ReadProcessMemory or WriteProcessMemory request was completed. (0x12B)
[0410/150738.683:ERROR:process_memory_win.cc(73)] ReadMemory at 0x274ebce1790 of 512 bytes failed: Only part of a ReadProcessMemory or WriteProcessMemory request was completed. (0x12B)
[0410/150738.684:ERROR:process_memory_win.cc(73)] ReadMemory at 0x274ebce3f08 of 512 bytes failed: Only part of a ReadProcessMemory or WriteProcessMemory request was completed. (0x12B)
[0410/150738.684:ERROR:process_memory_win.cc(73)] ReadMemory at 0x274ebcefe30 of 712 bytes failed: Only part of a ReadProcessMemory or WriteProcessMemory request was completed. (0x12B)
[0410/150738.684:ERROR:process_memory_win.cc(73)] ReadMemory at 0x274ebcf9c20 of 512 bytes failed: Only part of a ReadProcessMemory or WriteProcessMemory request was completed. (0x12B)
[0410/150738.684:ERROR:process_memory_win.cc(73)] ReadMemory at 0x274ebd0df88 of 1088 bytes failed: Only part of a ReadProcessMemory or WriteProcessMemory request was completed. (0x12B)
[0410/150738.684:ERROR:process_memory_win.cc(73)] ReadMemory at 0x274ee080000 of 384 bytes failed: Only part of a ReadProcessMemory or WriteProcessMemory request was completed. (0x12B)
[0410/150738.684:ERROR:process_memory_win.cc(73)] ReadMemory at 0x274ee098040 of 512 bytes failed: Only part of a ReadProcessMemory or WriteProcessMemory request was completed. (0x12B)
[0410/150738.684:ERROR:process_memory_win.cc(73)] ReadMemory at 0x274ee10d060 of 512 bytes failed: Only part of a ReadProcessMemory or WriteProcessMemory request was completed. (0x12B)
[0410/150738.684:ERROR:process_memory_win.cc(73)] ReadMemory at 0x274ee187310 of 512 bytes failed: Only part of a ReadProcessMemory or WriteProcessMemory request was completed. (0x12B)
[0410/150738.685:ERROR:process_memory_win.cc(73)] ReadMemory at 0x274ee19d478 of 512 bytes failed: Only part of a ReadProcessMemory or WriteProcessMemory request was completed. (0x12B)
[0410/150738.685:ERROR:process_memory_win.cc(73)] ReadMemory at 0x65f3d1724878 of 512 bytes failed: Only part of a ReadProcessMemory or WriteProcessMemory request was completed. (0x12B)
[0410/150738.685:ERROR:process_memory_win.cc(73)] ReadMemory at 0x7ffbcbf7038c of 512 bytes failed: Only part of a ReadProcessMemory or WriteProcessMemory request was completed. (0x12B)
[0410/150738.685:ERROR:process_memory_win.cc(73)] ReadMemory at 0x7ffbccd03bfb of 512 bytes failed: Only part of a ReadProcessMemory or WriteProcessMemory request was completed. (0x12B)
[0410/150738.686:ERROR:process_memory_win.cc(73)] ReadMemory at 0x7ffbd0dd6d48 of 512 bytes failed: Only part of a ReadProcessMemory or WriteProcessMemory request was completed. (0x12B)
[0410/150738.687:ERROR:process_memory_win.cc(73)] ReadMemory at 0x7ffc2a63b720 of 512 bytes failed: Only part of a ReadProcessMemory or WriteProcessMemory request was completed. (0x12B)
[0410/150738.687:ERROR:process_memory_win.cc(73)] ReadMemory at 0x7ffc2ca3c0c4 of 672 bytes failed: Only part of a ReadProcessMemory or WriteProcessMemory request was completed. (0x12B)
[0410/150738.687:ERROR:process_memory_win.cc(73)] ReadMemory at 0x7ffc2ca3c6c4 of 512 bytes failed: Only part of a ReadProcessMemory or WriteProcessMemory request was completed. (0x12B)
[0410/150738.687:ERROR:process_memory_win.cc(73)] ReadMemory at 0x7ffc2ca3f974 of 608 bytes failed: Only part of a ReadProcessMemory or WriteProcessMemory request was completed. (0x12B)
[0410/150738.687:ERROR:process_memory_win.cc(73)] ReadMemory at 0x7ffc2cacc428 of 18 bytes failed: Only part of a ReadProcessMemory or WriteProcessMemory request was completed. (0x12B)
[0410/150738.687:ERROR:process_memory_win.cc(73)] ReadMemory at 0x7ffc2caff4f8 of 40 bytes failed: Only part of a ReadProcessMemory or WriteProcessMemory request was completed. (0x12B)
[0410/150738.687:ERROR:process_memory_win.cc(73)] ReadMemory at 0x7ffc2caff978 of 48 bytes failed: Only part of a ReadProcessMemory or WriteProcessMemory request was completed. (0x12B)
[0410/150738.688:ERROR:process_memory_win.cc(73)] ReadMemory at 0x7ffc2cb053c0 of 64 bytes failed: Only part of a ReadProcessMemory or WriteProcessMemory request was completed. (0x12B)
[0410/150738.694:ERROR:scoped_process_suspend.cc(40)] NtResumeProcess: An attempt was made to access an exiting process. (0xc000010a)
[0410/150811.929:ERROR:file_io_win.cc(179)] CreateFile C:\Users\GREENS~1\AppData\Local\Temp\scoped_dir10748_2046\Crashpad\settings.dat: The process cannot access the file because it is being used by another process. (0x20)
